  main.c
c:\users\jeonyoungho\desktop\1492034\2학년1학기\프랩 족보\프로그래밍 랩\term-project\possystem\pos\header.h(77): warning C4996: 'fopen': This function or variable may be unsafe. Consider using fopen_s instead. To disable deprecation, use _CRT_SECURE_NO_WARNINGS. See online help for details.
  c:\program files (x86)\windows kits\10\include\10.0.16299.0\ucrt\stdio.h(207): note: 'fopen' 선언을 참조하십시오.
c:\users\jeonyoungho\desktop\1492034\2학년1학기\프랩 족보\프로그래밍 랩\term-project\possystem\pos\header.h(81): warning C4996: 'fscanf': This function or variable may be unsafe. Consider using fscanf_s instead. To disable deprecation, use _CRT_SECURE_NO_WARNINGS. See online help for details.
  c:\program files (x86)\windows kits\10\include\10.0.16299.0\ucrt\stdio.h(1195): note: 'fscanf' 선언을 참조하십시오.
c:\users\jeonyoungho\desktop\1492034\2학년1학기\프랩 족보\프로그래밍 랩\term-project\possystem\pos\header.h(89): warning C4996: 'fopen': This function or variable may be unsafe. Consider using fopen_s instead. To disable deprecation, use _CRT_SECURE_NO_WARNINGS. See online help for details.
  c:\program files (x86)\windows kits\10\include\10.0.16299.0\ucrt\stdio.h(207): note: 'fopen' 선언을 참조하십시오.
c:\users\jeonyoungho\desktop\1492034\2학년1학기\프랩 족보\프로그래밍 랩\term-project\possystem\pos\header.h(125): warning C4996: 'strcpy': This function or variable may be unsafe. Consider using strcpy_s instead. To disable deprecation, use _CRT_SECURE_NO_WARNINGS. See online help for details.
  c:\program files (x86)\windows kits\10\include\10.0.16299.0\ucrt\string.h(132): note: 'strcpy' 선언을 참조하십시오.
c:\users\jeonyoungho\desktop\1492034\2학년1학기\프랩 족보\프로그래밍 랩\term-project\possystem\pos\header.h(127): warning C4996: 'strcpy': This function or variable may be unsafe. Consider using strcpy_s instead. To disable deprecation, use _CRT_SECURE_NO_WARNINGS. See online help for details.
  c:\program files (x86)\windows kits\10\include\10.0.16299.0\ucrt\string.h(132): note: 'strcpy' 선언을 참조하십시오.
c:\users\jeonyoungho\desktop\1492034\2학년1학기\프랩 족보\프로그래밍 랩\term-project\possystem\pos\header.h(128): warning C4996: 'strcpy': This function or variable may be unsafe. Consider using strcpy_s instead. To disable deprecation, use _CRT_SECURE_NO_WARNINGS. See online help for details.
  c:\program files (x86)\windows kits\10\include\10.0.16299.0\ucrt\string.h(132): note: 'strcpy' 선언을 참조하십시오.
c:\users\jeonyoungho\desktop\1492034\2학년1학기\프랩 족보\프로그래밍 랩\term-project\possystem\pos\header.h(129): warning C4996: 'strcpy': This function or variable may be unsafe. Consider using strcpy_s instead. To disable deprecation, use _CRT_SECURE_NO_WARNINGS. See online help for details.
  c:\program files (x86)\windows kits\10\include\10.0.16299.0\ucrt\string.h(132): note: 'strcpy' 선언을 참조하십시오.
c:\users\jeonyoungho\desktop\1492034\2학년1학기\프랩 족보\프로그래밍 랩\term-project\possystem\pos\header.h(254): warning C4013: 'gets'이(가) 정의되지 않았습니다. extern은 int형을 반환하는 것으로 간주합니다.
c:\users\jeonyoungho\desktop\1492034\2학년1학기\프랩 족보\프로그래밍 랩\term-project\possystem\pos\header.h(236): warning C4996: 'scanf': This function or variable may be unsafe. Consider using scanf_s instead. To disable deprecation, use _CRT_SECURE_NO_WARNINGS. See online help for details.
  c:\program files (x86)\windows kits\10\include\10.0.16299.0\ucrt\stdio.h(1272): note: 'scanf' 선언을 참조하십시오.
c:\users\jeonyoungho\desktop\1492034\2학년1학기\프랩 족보\프로그래밍 랩\term-project\possystem\pos\header.h(240): warning C4996: 'scanf': This function or variable may be unsafe. Consider using scanf_s instead. To disable deprecation, use _CRT_SECURE_NO_WARNINGS. See online help for details.
  c:\program files (x86)\windows kits\10\include\10.0.16299.0\ucrt\stdio.h(1272): note: 'scanf' 선언을 참조하십시오.
c:\users\jeonyoungho\desktop\1492034\2학년1학기\프랩 족보\프로그래밍 랩\term-project\possystem\pos\header.h(244): warning C4996: 'scanf': This function or variable may be unsafe. Consider using scanf_s instead. To disable deprecation, use _CRT_SECURE_NO_WARNINGS. See online help for details.
  c:\program files (x86)\windows kits\10\include\10.0.16299.0\ucrt\stdio.h(1272): note: 'scanf' 선언을 참조하십시오.
c:\users\jeonyoungho\desktop\1492034\2학년1학기\프랩 족보\프로그래밍 랩\term-project\possystem\pos\header.h(248): warning C4996: 'scanf': This function or variable may be unsafe. Consider using scanf_s instead. To disable deprecation, use _CRT_SECURE_NO_WARNINGS. See online help for details.
  c:\program files (x86)\windows kits\10\include\10.0.16299.0\ucrt\stdio.h(1272): note: 'scanf' 선언을 참조하십시오.
c:\users\jeonyoungho\desktop\1492034\2학년1학기\프랩 족보\프로그래밍 랩\term-project\possystem\pos\header.h(356): warning C4996: 'scanf': This function or variable may be unsafe. Consider using scanf_s instead. To disable deprecation, use _CRT_SECURE_NO_WARNINGS. See online help for details.
  c:\program files (x86)\windows kits\10\include\10.0.16299.0\ucrt\stdio.h(1272): note: 'scanf' 선언을 참조하십시오.
c:\users\jeonyoungho\desktop\1492034\2학년1학기\프랩 족보\프로그래밍 랩\term-project\possystem\pos\header.h(361): warning C4996: 'scanf': This function or variable may be unsafe. Consider using scanf_s instead. To disable deprecation, use _CRT_SECURE_NO_WARNINGS. See online help for details.
  c:\program files (x86)\windows kits\10\include\10.0.16299.0\ucrt\stdio.h(1272): note: 'scanf' 선언을 참조하십시오.
c:\users\jeonyoungho\desktop\1492034\2학년1학기\프랩 족보\프로그래밍 랩\term-project\possystem\pos\header.h(366): warning C4996: 'scanf': This function or variable may be unsafe. Consider using scanf_s instead. To disable deprecation, use _CRT_SECURE_NO_WARNINGS. See online help for details.
  c:\program files (x86)\windows kits\10\include\10.0.16299.0\ucrt\stdio.h(1272): note: 'scanf' 선언을 참조하십시오.
c:\users\jeonyoungho\desktop\1492034\2학년1학기\프랩 족보\프로그래밍 랩\term-project\possystem\pos\header.h(371): warning C4996: 'scanf': This function or variable may be unsafe. Consider using scanf_s instead. To disable deprecation, use _CRT_SECURE_NO_WARNINGS. See online help for details.
  c:\program files (x86)\windows kits\10\include\10.0.16299.0\ucrt\stdio.h(1272): note: 'scanf' 선언을 참조하십시오.
c:\users\jeonyoungho\desktop\1492034\2학년1학기\프랩 족보\프로그래밍 랩\term-project\possystem\pos\header.h(376): warning C4996: 'scanf': This function or variable may be unsafe. Consider using scanf_s instead. To disable deprecation, use _CRT_SECURE_NO_WARNINGS. See online help for details.
  c:\program files (x86)\windows kits\10\include\10.0.16299.0\ucrt\stdio.h(1272): note: 'scanf' 선언을 참조하십시오.
c:\users\jeonyoungho\desktop\1492034\2학년1학기\프랩 족보\프로그래밍 랩\term-project\possystem\pos\header.h(381): warning C4996: 'scanf': This function or variable may be unsafe. Consider using scanf_s instead. To disable deprecation, use _CRT_SECURE_NO_WARNINGS. See online help for details.
  c:\program files (x86)\windows kits\10\include\10.0.16299.0\ucrt\stdio.h(1272): note: 'scanf' 선언을 참조하십시오.
c:\users\jeonyoungho\desktop\1492034\2학년1학기\프랩 족보\프로그래밍 랩\term-project\possystem\pos\header.h(271): warning C4101: 'j' :참조되지 않은 지역 변수입니다.
c:\users\jeonyoungho\desktop\1492034\2학년1학기\프랩 족보\프로그래밍 랩\term-project\possystem\pos\header.h(457): warning C4996: 'scanf': This function or variable may be unsafe. Consider using scanf_s instead. To disable deprecation, use _CRT_SECURE_NO_WARNINGS. See online help for details.
  c:\program files (x86)\windows kits\10\include\10.0.16299.0\ucrt\stdio.h(1272): note: 'scanf' 선언을 참조하십시오.
c:\users\jeonyoungho\desktop\1492034\2학년1학기\프랩 족보\프로그래밍 랩\term-project\possystem\pos\header.h(495): warning C4996: 'scanf': This function or variable may be unsafe. Consider using scanf_s instead. To disable deprecation, use _CRT_SECURE_NO_WARNINGS. See online help for details.
  c:\program files (x86)\windows kits\10\include\10.0.16299.0\ucrt\stdio.h(1272): note: 'scanf' 선언을 참조하십시오.
c:\users\jeonyoungho\desktop\1492034\2학년1학기\프랩 족보\프로그래밍 랩\term-project\possystem\pos\header.h(548): warning C4129: '%': 문자 이스케이프 시퀀스를 인식할 수 없습니다.
c:\users\jeonyoungho\desktop\1492034\2학년1학기\프랩 족보\프로그래밍 랩\term-project\possystem\pos\header.h(545): warning C4996: 'localtime': This function or variable may be unsafe. Consider using localtime_s instead. To disable deprecation, use _CRT_SECURE_NO_WARNINGS. See online help for details.
  c:\program files (x86)\windows kits\10\include\10.0.16299.0\ucrt\time.h(505): note: 'localtime' 선언을 참조하십시오.
c:\users\jeonyoungho\desktop\1492034\2학년1학기\프랩 족보\프로그래밍 랩\term-project\possystem\pos\header.h(595): warning C4996: 'strcpy': This function or variable may be unsafe. Consider using strcpy_s instead. To disable deprecation, use _CRT_SECURE_NO_WARNINGS. See online help for details.
  c:\program files (x86)\windows kits\10\include\10.0.16299.0\ucrt\string.h(132): note: 'strcpy' 선언을 참조하십시오.
c:\users\jeonyoungho\desktop\1492034\2학년1학기\프랩 족보\프로그래밍 랩\term-project\possystem\pos\header.h(609): warning C4996: 'fopen': This function or variable may be unsafe. Consider using fopen_s instead. To disable deprecation, use _CRT_SECURE_NO_WARNINGS. See online help for details.
  c:\program files (x86)\windows kits\10\include\10.0.16299.0\ucrt\stdio.h(207): note: 'fopen' 선언을 참조하십시오.
c:\users\jeonyoungho\desktop\1492034\2학년1학기\프랩 족보\프로그래밍 랩\term-project\possystem\pos\header.h(634): warning C4996: 'fopen': This function or variable may be unsafe. Consider using fopen_s instead. To disable deprecation, use _CRT_SECURE_NO_WARNINGS. See online help for details.
  c:\program files (x86)\windows kits\10\include\10.0.16299.0\ucrt\stdio.h(207): note: 'fopen' 선언을 참조하십시오.
c:\users\jeonyoungho\desktop\1492034\2학년1학기\프랩 족보\프로그래밍 랩\term-project\possystem\pos\header.h(710): warning C4996: 'fopen': This function or variable may be unsafe. Consider using fopen_s instead. To disable deprecation, use _CRT_SECURE_NO_WARNINGS. See online help for details.
  c:\program files (x86)\windows kits\10\include\10.0.16299.0\ucrt\stdio.h(207): note: 'fopen' 선언을 참조하십시오.
c:\users\jeonyoungho\desktop\1492034\2학년1학기\프랩 족보\프로그래밍 랩\term-project\possystem\pos\header.h(720): warning C4996: 'fopen': This function or variable may be unsafe. Consider using fopen_s instead. To disable deprecation, use _CRT_SECURE_NO_WARNINGS. See online help for details.
  c:\program files (x86)\windows kits\10\include\10.0.16299.0\ucrt\stdio.h(207): note: 'fopen' 선언을 참조하십시오.
c:\users\jeonyoungho\desktop\1492034\2학년1학기\프랩 족보\프로그래밍 랩\term-project\possystem\pos\header.h(723): warning C4996: 'fscanf': This function or variable may be unsafe. Consider using fscanf_s instead. To disable deprecation, use _CRT_SECURE_NO_WARNINGS. See online help for details.
  c:\program files (x86)\windows kits\10\include\10.0.16299.0\ucrt\stdio.h(1195): note: 'fscanf' 선언을 참조하십시오.
c:\users\jeonyoungho\desktop\1492034\2학년1학기\프랩 족보\프로그래밍 랩\term-project\possystem\pos\header.h(726): warning C4996: 'fscanf': This function or variable may be unsafe. Consider using fscanf_s instead. To disable deprecation, use _CRT_SECURE_NO_WARNINGS. See online help for details.
  c:\program files (x86)\windows kits\10\include\10.0.16299.0\ucrt\stdio.h(1195): note: 'fscanf' 선언을 참조하십시오.
c:\users\jeonyoungho\desktop\1492034\2학년1학기\프랩 족보\프로그래밍 랩\term-project\possystem\pos\header.h(979): warning C4129: '%': 문자 이스케이프 시퀀스를 인식할 수 없습니다.
c:\users\jeonyoungho\desktop\1492034\2학년1학기\프랩 족보\프로그래밍 랩\term-project\possystem\pos\header.h(977): warning C4996: 'localtime': This function or variable may be unsafe. Consider using localtime_s instead. To disable deprecation, use _CRT_SECURE_NO_WARNINGS. See online help for details.
  c:\program files (x86)\windows kits\10\include\10.0.16299.0\ucrt\time.h(505): note: 'localtime' 선언을 참조하십시오.
c:\users\jeonyoungho\desktop\1492034\2학년1학기\프랩 족보\프로그래밍 랩\term-project\possystem\pos\header.h(1162): warning C4129: '%': 문자 이스케이프 시퀀스를 인식할 수 없습니다.
c:\users\jeonyoungho\desktop\1492034\2학년1학기\프랩 족보\프로그래밍 랩\term-project\possystem\pos\header.h(1160): warning C4996: 'localtime': This function or variable may be unsafe. Consider using localtime_s instead. To disable deprecation, use _CRT_SECURE_NO_WARNINGS. See online help for details.
  c:\program files (x86)\windows kits\10\include\10.0.16299.0\ucrt\time.h(505): note: 'localtime' 선언을 참조하십시오.
c:\users\jeonyoungho\desktop\1492034\2학년1학기\프랩 족보\프로그래밍 랩\term-project\possystem\pos\header.h(1413): warning C4101: 'check' :참조되지 않은 지역 변수입니다.
c:\users\jeonyoungho\desktop\1492034\2학년1학기\프랩 족보\프로그래밍 랩\term-project\possystem\pos\header.h(1859): warning C4129: '%': 문자 이스케이프 시퀀스를 인식할 수 없습니다.
c:\users\jeonyoungho\desktop\1492034\2학년1학기\프랩 족보\프로그래밍 랩\term-project\possystem\pos\header.h(1857): warning C4996: 'localtime': This function or variable may be unsafe. Consider using localtime_s instead. To disable deprecation, use _CRT_SECURE_NO_WARNINGS. See online help for details.
  c:\program files (x86)\windows kits\10\include\10.0.16299.0\ucrt\time.h(505): note: 'localtime' 선언을 참조하십시오.
c:\users\jeonyoungho\desktop\1492034\2학년1학기\프랩 족보\프로그래밍 랩\term-project\possystem\pos\header.h(1953): warning C4129: '%': 문자 이스케이프 시퀀스를 인식할 수 없습니다.
c:\users\jeonyoungho\desktop\1492034\2학년1학기\프랩 족보\프로그래밍 랩\term-project\possystem\pos\header.h(1950): warning C4996: 'localtime': This function or variable may be unsafe. Consider using localtime_s instead. To disable deprecation, use _CRT_SECURE_NO_WARNINGS. See online help for details.
  c:\program files (x86)\windows kits\10\include\10.0.16299.0\ucrt\time.h(505): note: 'localtime' 선언을 참조하십시오.
c:\users\jeonyoungho\desktop\1492034\2학년1학기\프랩 족보\프로그래밍 랩\term-project\possystem\pos\header.h(2035): warning C4129: '%': 문자 이스케이프 시퀀스를 인식할 수 없습니다.
c:\users\jeonyoungho\desktop\1492034\2학년1학기\프랩 족보\프로그래밍 랩\term-project\possystem\pos\header.h(2032): warning C4996: 'localtime': This function or variable may be unsafe. Consider using localtime_s instead. To disable deprecation, use _CRT_SECURE_NO_WARNINGS. See online help for details.
  c:\program files (x86)\windows kits\10\include\10.0.16299.0\ucrt\time.h(505): note: 'localtime' 선언을 참조하십시오.
c:\users\jeonyoungho\desktop\1492034\2학년1학기\프랩 족보\프로그래밍 랩\term-project\possystem\pos\header.h(2091): warning C4996: 'scanf': This function or variable may be unsafe. Consider using scanf_s instead. To disable deprecation, use _CRT_SECURE_NO_WARNINGS. See online help for details.
  c:\program files (x86)\windows kits\10\include\10.0.16299.0\ucrt\stdio.h(1272): note: 'scanf' 선언을 참조하십시오.
c:\users\jeonyoungho\desktop\1492034\2학년1학기\프랩 족보\프로그래밍 랩\term-project\possystem\pos\header.h(2120): warning C4996: 'fopen': This function or variable may be unsafe. Consider using fopen_s instead. To disable deprecation, use _CRT_SECURE_NO_WARNINGS. See online help for details.
  c:\program files (x86)\windows kits\10\include\10.0.16299.0\ucrt\stdio.h(207): note: 'fopen' 선언을 참조하십시오.
c:\users\jeonyoungho\desktop\1492034\2학년1학기\프랩 족보\프로그래밍 랩\term-project\possystem\pos\header.h(2153): warning C4996: 'scanf': This function or variable may be unsafe. Consider using scanf_s instead. To disable deprecation, use _CRT_SECURE_NO_WARNINGS. See online help for details.
  c:\program files (x86)\windows kits\10\include\10.0.16299.0\ucrt\stdio.h(1272): note: 'scanf' 선언을 참조하십시오.
c:\users\jeonyoungho\desktop\1492034\2학년1학기\프랩 족보\프로그래밍 랩\term-project\possystem\pos\header.h(2155): warning C4996: 'scanf': This function or variable may be unsafe. Consider using scanf_s instead. To disable deprecation, use _CRT_SECURE_NO_WARNINGS. See online help for details.
  c:\program files (x86)\windows kits\10\include\10.0.16299.0\ucrt\stdio.h(1272): note: 'scanf' 선언을 참조하십시오.
c:\users\jeonyoungho\desktop\1492034\2학년1학기\프랩 족보\프로그래밍 랩\term-project\possystem\pos\header.h(2225): warning C4996: 'strcpy': This function or variable may be unsafe. Consider using strcpy_s instead. To disable deprecation, use _CRT_SECURE_NO_WARNINGS. See online help for details.
  c:\program files (x86)\windows kits\10\include\10.0.16299.0\ucrt\string.h(132): note: 'strcpy' 선언을 참조하십시오.
c:\users\jeonyoungho\desktop\1492034\2학년1학기\프랩 족보\프로그래밍 랩\term-project\possystem\pos\header.h(2226): warning C4996: 'strcpy': This function or variable may be unsafe. Consider using strcpy_s instead. To disable deprecation, use _CRT_SECURE_NO_WARNINGS. See online help for details.
  c:\program files (x86)\windows kits\10\include\10.0.16299.0\ucrt\string.h(132): note: 'strcpy' 선언을 참조하십시오.
c:\users\jeonyoungho\desktop\1492034\2학년1학기\프랩 족보\프로그래밍 랩\term-project\possystem\pos\header.h(2229): warning C4996: 'strcpy': This function or variable may be unsafe. Consider using strcpy_s instead. To disable deprecation, use _CRT_SECURE_NO_WARNINGS. See online help for details.
  c:\program files (x86)\windows kits\10\include\10.0.16299.0\ucrt\string.h(132): note: 'strcpy' 선언을 참조하십시오.
c:\users\jeonyoungho\desktop\1492034\2학년1학기\프랩 족보\프로그래밍 랩\term-project\possystem\pos\header.h(2230): warning C4996: 'strcpy': This function or variable may be unsafe. Consider using strcpy_s instead. To disable deprecation, use _CRT_SECURE_NO_WARNINGS. See online help for details.
  c:\program files (x86)\windows kits\10\include\10.0.16299.0\ucrt\string.h(132): note: 'strcpy' 선언을 참조하십시오.
c:\users\jeonyoungho\desktop\1492034\2학년1학기\프랩 족보\프로그래밍 랩\term-project\possystem\pos\header.h(2241): warning C4996: 'scanf': This function or variable may be unsafe. Consider using scanf_s instead. To disable deprecation, use _CRT_SECURE_NO_WARNINGS. See online help for details.
  c:\program files (x86)\windows kits\10\include\10.0.16299.0\ucrt\stdio.h(1272): note: 'scanf' 선언을 참조하십시오.
c:\users\jeonyoungho\desktop\1492034\2학년1학기\프랩 족보\프로그래밍 랩\term-project\possystem\pos\header.h(2243): warning C4996: 'scanf': This function or variable may be unsafe. Consider using scanf_s instead. To disable deprecation, use _CRT_SECURE_NO_WARNINGS. See online help for details.
  c:\program files (x86)\windows kits\10\include\10.0.16299.0\ucrt\stdio.h(1272): note: 'scanf' 선언을 참조하십시오.
c:\users\jeonyoungho\desktop\1492034\2학년1학기\프랩 족보\프로그래밍 랩\term-project\possystem\pos\header.h(2301): warning C4996: 'fopen': This function or variable may be unsafe. Consider using fopen_s instead. To disable deprecation, use _CRT_SECURE_NO_WARNINGS. See online help for details.
  c:\program files (x86)\windows kits\10\include\10.0.16299.0\ucrt\stdio.h(207): note: 'fopen' 선언을 참조하십시오.
c:\users\jeonyoungho\desktop\1492034\2학년1학기\프랩 족보\프로그래밍 랩\term-project\possystem\pos\header.h(2297): warning C4101: 'name' :참조되지 않은 지역 변수입니다.
c:\users\jeonyoungho\desktop\1492034\2학년1학기\프랩 족보\프로그래밍 랩\term-project\possystem\pos\header.h(2296): warning C4101: 'cp' :참조되지 않은 지역 변수입니다.
c:\users\jeonyoungho\desktop\1492034\2학년1학기\프랩 족보\프로그래밍 랩\term-project\possystem\pos\header.h(2297): warning C4101: 'time' :참조되지 않은 지역 변수입니다.
c:\users\jeonyoungho\desktop\1492034\2학년1학기\프랩 족보\프로그래밍 랩\term-project\possystem\pos\header.h(2297): warning C4101: 'ch' :참조되지 않은 지역 변수입니다.
c:\users\jeonyoungho\desktop\1492034\2학년1학기\프랩 족보\프로그래밍 랩\term-project\possystem\pos\header.h(2297): warning C4101: 'str' :참조되지 않은 지역 변수입니다.
c:\users\jeonyoungho\desktop\1492034\2학년1학기\프랩 족보\프로그래밍 랩\term-project\possystem\pos\header.h(2369): warning C4996: 'scanf': This function or variable may be unsafe. Consider using scanf_s instead. To disable deprecation, use _CRT_SECURE_NO_WARNINGS. See online help for details.
  c:\program files (x86)\windows kits\10\include\10.0.16299.0\ucrt\stdio.h(1272): note: 'scanf' 선언을 참조하십시오.
c:\users\jeonyoungho\desktop\1492034\2학년1학기\프랩 족보\프로그래밍 랩\term-project\possystem\pos\header.h(2372): warning C4996: 'scanf': This function or variable may be unsafe. Consider using scanf_s instead. To disable deprecation, use _CRT_SECURE_NO_WARNINGS. See online help for details.
  c:\program files (x86)\windows kits\10\include\10.0.16299.0\ucrt\stdio.h(1272): note: 'scanf' 선언을 참조하십시오.
c:\users\jeonyoungho\desktop\1492034\2학년1학기\프랩 족보\프로그래밍 랩\term-project\possystem\pos\header.h(2375): warning C4996: 'scanf': This function or variable may be unsafe. Consider using scanf_s instead. To disable deprecation, use _CRT_SECURE_NO_WARNINGS. See online help for details.
  c:\program files (x86)\windows kits\10\include\10.0.16299.0\ucrt\stdio.h(1272): note: 'scanf' 선언을 참조하십시오.
c:\users\jeonyoungho\desktop\1492034\2학년1학기\프랩 족보\프로그래밍 랩\term-project\possystem\pos\header.h(2384): warning C4996: 'fopen': This function or variable may be unsafe. Consider using fopen_s instead. To disable deprecation, use _CRT_SECURE_NO_WARNINGS. See online help for details.
  c:\program files (x86)\windows kits\10\include\10.0.16299.0\ucrt\stdio.h(207): note: 'fopen' 선언을 참조하십시오.
c:\users\jeonyoungho\desktop\1492034\2학년1학기\프랩 족보\프로그래밍 랩\term-project\possystem\pos\header.h(2427): warning C4129: '%': 문자 이스케이프 시퀀스를 인식할 수 없습니다.
c:\users\jeonyoungho\desktop\1492034\2학년1학기\프랩 족보\프로그래밍 랩\term-project\possystem\pos\header.h(2424): warning C4996: 'localtime': This function or variable may be unsafe. Consider using localtime_s instead. To disable deprecation, use _CRT_SECURE_NO_WARNINGS. See online help for details.
  c:\program files (x86)\windows kits\10\include\10.0.16299.0\ucrt\time.h(505): note: 'localtime' 선언을 참조하십시오.
c:\users\jeonyoungho\desktop\1492034\2학년1학기\프랩 족보\프로그래밍 랩\term-project\possystem\pos\header.h(2504): warning C4129: '%': 문자 이스케이프 시퀀스를 인식할 수 없습니다.
c:\users\jeonyoungho\desktop\1492034\2학년1학기\프랩 족보\프로그래밍 랩\term-project\possystem\pos\header.h(2520): warning C4129: '%': 문자 이스케이프 시퀀스를 인식할 수 없습니다.
c:\users\jeonyoungho\desktop\1492034\2학년1학기\프랩 족보\프로그래밍 랩\term-project\possystem\pos\header.h(2529): warning C4129: '%': 문자 이스케이프 시퀀스를 인식할 수 없습니다.
c:\users\jeonyoungho\desktop\1492034\2학년1학기\프랩 족보\프로그래밍 랩\term-project\possystem\pos\header.h(2495): warning C4996: 'scanf': This function or variable may be unsafe. Consider using scanf_s instead. To disable deprecation, use _CRT_SECURE_NO_WARNINGS. See online help for details.
  c:\program files (x86)\windows kits\10\include\10.0.16299.0\ucrt\stdio.h(1272): note: 'scanf' 선언을 참조하십시오.
c:\users\jeonyoungho\desktop\1492034\2학년1학기\프랩 족보\프로그래밍 랩\term-project\possystem\pos\header.h(2501): warning C4996: 'localtime': This function or variable may be unsafe. Consider using localtime_s instead. To disable deprecation, use _CRT_SECURE_NO_WARNINGS. See online help for details.
  c:\program files (x86)\windows kits\10\include\10.0.16299.0\ucrt\time.h(505): note: 'localtime' 선언을 참조하십시오.
c:\users\jeonyoungho\desktop\1492034\2학년1학기\프랩 족보\프로그래밍 랩\term-project\possystem\pos\header.h(2519): warning C4996: 'fopen': This function or variable may be unsafe. Consider using fopen_s instead. To disable deprecation, use _CRT_SECURE_NO_WARNINGS. See online help for details.
  c:\program files (x86)\windows kits\10\include\10.0.16299.0\ucrt\stdio.h(207): note: 'fopen' 선언을 참조하십시오.
c:\users\jeonyoungho\desktop\1492034\2학년1학기\프랩 족보\프로그래밍 랩\term-project\possystem\pos\header.h(2528): warning C4996: 'fopen': This function or variable may be unsafe. Consider using fopen_s instead. To disable deprecation, use _CRT_SECURE_NO_WARNINGS. See online help for details.
  c:\program files (x86)\windows kits\10\include\10.0.16299.0\ucrt\stdio.h(207): note: 'fopen' 선언을 참조하십시오.
c:\users\jeonyoungho\desktop\1492034\2학년1학기\프랩 족보\프로그래밍 랩\term-project\possystem\pos\header.h(2556): warning C4996: 'fopen': This function or variable may be unsafe. Consider using fopen_s instead. To disable deprecation, use _CRT_SECURE_NO_WARNINGS. See online help for details.
  c:\program files (x86)\windows kits\10\include\10.0.16299.0\ucrt\stdio.h(207): note: 'fopen' 선언을 참조하십시오.
c:\users\jeonyoungho\desktop\1492034\2학년1학기\프랩 족보\프로그래밍 랩\term-project\possystem\pos\header.h(2552): warning C4101: 'cp' :참조되지 않은 지역 변수입니다.
  pos.vcxproj -> C:\Users\jeonyoungho\Desktop\1492034\2학년1학기\프랩 족보\프로그래밍 랩\term-project\PosSystem\Debug\pos.exe
